<?xml version="1.0" encoding="UTF-8"?>
<!-- Generated by org.testng.reporters.JUnitReportReporter -->
<testsuite hostname="CDWILT004" failures="0" tests="2" name="loginH5.OpenChrome" time="10.922" errors="0" timestamp="2022-09-14T17:51:29 SGT" skipped="0">
  <testcase classname="loginH5.OpenChrome" name="toClientSite" time="6.599"/>
  <system-out/>
  <testcase classname="loginH5.OpenChrome" name="login" time="4.323"/>
  <system-out/>
</testsuite> <!-- loginH5.OpenChrome -->
