<?xml version="1.0" encoding="UTF-8"?>
<!-- Generated by org.testng.reporters.JUnitReportReporter -->
<testsuite hostname="CDWILT004" failures="0" tests="2" name="loginH5.OpenChrome" time="31.307" errors="0" timestamp="2022-09-15T15:40:14 SGT" skipped="0">
  <testcase classname="loginH5.OpenChrome" name="toClientSite" time="11.545"/>
  <system-out/>
  <testcase classname="loginH5.OpenChrome" name="login" time="19.762"/>
  <system-out/>
</testsuite> <!-- loginH5.OpenChrome -->
