<?xml version="1.0" encoding="UTF-8"?>
<!-- Generated by org.testng.reporters.JUnitReportReporter -->
<testsuite hostname="CDWILT004" failures="0" tests="1" name="fuctionsH5FE.OpenChrome" time="12.011" errors="0" timestamp="2022-09-14T17:04:09 SGT" skipped="0">
  <testcase classname="fuctionsH5FE.OpenChrome" name="toClientSite" time="12.011"/>
  <system-out/>
</testsuite> <!-- fuctionsH5FE.OpenChrome -->
