<?xml version="1.0" encoding="UTF-8"?>
<!-- Generated by org.testng.reporters.JUnitReportReporter -->
<testsuite hostname="CDWILT004" failures="0" tests="2" name="loginH5.OpenChrome" time="13.221" errors="0" timestamp="2022-09-14T18:05:38 SGT" skipped="0">
  <testcase classname="loginH5.OpenChrome" name="toClientSite" time="7.167"/>
  <system-out/>
  <testcase classname="loginH5.OpenChrome" name="login" time="6.054"/>
  <system-out/>
</testsuite> <!-- loginH5.OpenChrome -->
